<?xml version="1.0" encoding="UTF-8"?>
<!-- Generated by org.testng.reporters.JUnitReportReporter -->
<testsuite skipped="0" hostname="LAPTOP-JHCO5B84" name="touchactions.DragAndDropDemo" tests="1" failures="0" timestamp="2020-08-07T11:09:27 IST" time="60.859" errors="0">
  <testcase name="dragAndDrop" time="60.859" classname="touchactions.DragAndDropDemo"/>
  <system-out/>
</testsuite> <!-- touchactions.DragAndDropDemo -->
