<?xml version="1.0" encoding="UTF-8"?>
<!-- Generated by org.testng.reporters.JUnitReportReporter -->
<testsuite skipped="0" hostname="LAPTOP-JHCO5B84" name="touchactions.SwipeDemo" tests="1" failures="0" timestamp="2020-08-07T11:33:04 IST" time="71.544" errors="0">
  <testcase name="swipeDemo" time="71.544" classname="touchactions.SwipeDemo"/>
  <system-out/>
</testsuite> <!-- touchactions.SwipeDemo -->
