<?xml version="1.0" encoding="UTF-8"?>
<!-- Generated by org.testng.reporters.JUnitReportReporter -->
<testsuite skipped="0" hostname="LAPTOP-JHCO5B84" name="browser.BrowserDemo" tests="1" failures="0" timestamp="2020-08-11T10:32:43 IST" time="90.032" errors="0">
  <testcase name="setUp" time="90.032" classname="browser.BrowserDemo"/>
  <system-out/>
</testsuite> <!-- browser.BrowserDemo -->
