<?xml version="1.0" encoding="UTF-8"?>
<!-- Generated by org.testng.reporters.JUnitReportReporter -->
<testsuite skipped="0" hostname="LAPTOP-JHCO5B84" name="swipe.SwipeDEmo" tests="1" failures="0" timestamp="2020-08-10T10:54:58 IST" time="43.344" errors="0">
  <testcase name="swipeDemo" time="43.344" classname="swipe.SwipeDEmo"/>
  <system-out/>
</testsuite> <!-- swipe.SwipeDEmo -->
