<?xml version="1.0" encoding="UTF-8"?>
<!-- Generated by org.testng.reporters.JUnitReportReporter -->
<testsuite skipped="0" hostname="LAPTOP-JHCO5B84" name="touchactions.PressDemo" tests="1" failures="0" timestamp="2020-08-09T13:15:32 IST" time="75.511" errors="0">
  <testcase name="pressDemo" time="75.511" classname="touchactions.PressDemo"/>
  <system-out/>
</testsuite> <!-- touchactions.PressDemo -->
