<?xml version="1.0" encoding="UTF-8"?>
<!-- Generated by org.testng.reporters.JUnitReportReporter -->
<testsuite skipped="0" hostname="LAPTOP-JHCO5B84" name="basics.FouthTest" tests="1" failures="0" timestamp="2020-08-06T12:10:59 IST" time="61.921" errors="0">
  <testcase name="basicCommands" time="61.921" classname="basics.FouthTest"/>
  <system-out/>
</testsuite> <!-- basics.FouthTest -->
