<?xml version="1.0" encoding="UTF-8"?>
<!-- Generated by org.testng.reporters.JUnitReportReporter -->
<testsuite skipped="0" hostname="LAPTOP-JHCO5B84" name="touchactions.TapDemo" tests="1" failures="0" timestamp="2020-08-08T08:00:19 IST" time="61.286" errors="0">
  <testcase name="tapDemo" time="61.286" classname="touchactions.TapDemo"/>
  <system-out/>
</testsuite> <!-- touchactions.TapDemo -->
