<?xml version="1.0" encoding="UTF-8"?>
<!-- Generated by org.testng.reporters.JUnitReportReporter -->
<testsuite skipped="0" hostname="LAPTOP-JHCO5B84" name="basics.SecondTest" tests="1" failures="0" timestamp="2020-08-06T10:43:04 IST" time="63.144" errors="0">
  <testcase name="secondTest" time="63.144" classname="basics.SecondTest"/>
  <system-out/>
</testsuite> <!-- basics.SecondTest -->
