<?xml version="1.0" encoding="UTF-8"?>
<!-- Generated by org.testng.reporters.JUnitReportReporter -->
<testsuite skipped="0" hostname="LAPTOP-JHCO5B84" name="preinstalled.CalendarDemo" tests="1" failures="0" timestamp="2020-08-11T11:32:39 IST" time="50.183" errors="0">
  <testcase name="calenderDEmo" time="50.183" classname="preinstalled.CalendarDemo"/>
  <system-out/>
</testsuite> <!-- preinstalled.CalendarDemo -->
