<?xml version="1.0" encoding="UTF-8"?>
<!-- Generated by org.testng.reporters.JUnitReportReporter -->
<testsuite skipped="0" hostname="LAPTOP-JHCO5B84" name="touchactions.LongPressDemo" tests="1" failures="0" timestamp="2020-08-07T10:47:45 IST" time="76.233" errors="0">
  <testcase name="longPressDemo" time="76.233" classname="touchactions.LongPressDemo"/>
  <system-out/>
</testsuite> <!-- touchactions.LongPressDemo -->
