<?xml version="1.0" encoding="UTF-8"?>
<!-- Generated by org.testng.reporters.JUnitReportReporter -->
<testsuite skipped="0" hostname="LAPTOP-JHCO5B84" name="pom.TestClass" tests="1" failures="0" timestamp="2020-08-18T11:11:06 IST" time="100.741" errors="0">
  <testcase name="test1" time="100.741" classname="pom.TestClass"/>
  <system-out/>
</testsuite> <!-- pom.TestClass -->
